2026-05-01 17:32:52  INFO      bot.logging_config  Logging initialised → logs\trading_bot_20260501.log
2026-05-01 17:32:52  INFO      __main__  Command: price  args: {'log_dir': 'logs', 'command': 'price', 'symbol': 'BTCUSDT', 'func': <function cmd_price at 0x000002590E3AB560>}
2026-05-01 17:34:50  INFO      bot.logging_config  Logging initialised → logs\trading_bot_20260501.log
2026-05-01 17:34:50  INFO      __main__  Command: price  args: {'log_dir': 'logs', 'command': 'price', 'symbol': 'BTCUSDT', 'func': <function cmd_price at 0x000001D22F2AF560>}
2026-05-01 17:34:50  DEBUG     bot.client  → GET https://demo-fapi.binance.com/fapi/v1/ticker/price  params={'symbol': 'BTCUSDT'}
2026-05-01 17:34:50  DEBUG     urllib3.connectionpool  Starting new HTTPS connection (1): demo-fapi.binance.com:443
2026-05-01 17:34:51  DEBUG     urllib3.connectionpool  https://demo-fapi.binance.com:443 "GET /fapi/v1/ticker/price?symbol=BTCUSDT HTTP/1.1" 200 None
2026-05-01 17:34:51  DEBUG     bot.client  ← 200 {"symbol":"BTCUSDT","price":"77429.30","time":1777637086669}
2026-05-01 17:35:24  INFO      bot.logging_config  Logging initialised → logs\trading_bot_20260501.log
2026-05-01 17:35:24  INFO      __main__  Command: place  args: {'log_dir': 'logs', 'command': 'place', 'symbol': 'BTCUSDT', 'side': 'BUY', 'type': 'MARKET', 'quantity': '0.001', 'price': None, 'func': <function cmd_place at 0x000002B627E91440>}
2026-05-01 17:35:24  INFO      bot.orders  Placing order — symbol=BTCUSDT side=BUY type=MARKET qty=0.001 price=N/A
2026-05-01 17:35:24  DEBUG     bot.client  → POST https://demo-fapi.binance.com/fapi/v1/order  params={'symbol': 'BTCUSDT', 'side': 'BUY', 'type': 'MARKET', 'quantity': '0.001', 'timestamp': 1777637124914}
2026-05-01 17:35:24  DEBUG     urllib3.connectionpool  Starting new HTTPS connection (1): demo-fapi.binance.com:443
2026-05-01 17:35:25  DEBUG     urllib3.connectionpool  https://demo-fapi.binance.com:443 "POST /fapi/v1/order?symbol=BTCUSDT&side=BUY&type=MARKET&quantity=0.001&timestamp=1777637124914&signature=3aac47660ef3fae88f22e94df13b7f67d5adc3555cff61dd67ab720af6e684d7 HTTP/1.1" 401 69
2026-05-01 17:35:25  DEBUG     bot.client  ← 401 {"code":-2015,"msg":"Invalid API-key, IP, or permissions for action"}
2026-05-01 17:35:25  ERROR     bot.client  Binance API error  code=-2015  msg=Invalid API-key, IP, or permissions for action
2026-05-01 17:35:25  ERROR     __main__  Order placement failed: 401 Client Error: Unauthorized for url: https://demo-fapi.binance.com/fapi/v1/order?symbol=BTCUSDT&side=BUY&type=MARKET&quantity=0.001&timestamp=1777637124914&signature=3aac47660ef3fae88f22e94df13b7f67d5adc3555cff61dd67ab720af6e684d7
2026-05-01 17:36:35  INFO      bot.logging_config  Logging initialised → logs\trading_bot_20260501.log
2026-05-01 17:36:35  INFO      __main__  Command: place  args: {'log_dir': 'logs', 'command': 'place', 'symbol': 'BTCUSDT', 'side': 'BUY', 'type': 'MARKET', 'quantity': '0.001', 'price': None, 'func': <function cmd_place at 0x00000153737B1440>}
2026-05-01 17:36:35  INFO      bot.orders  Placing order — symbol=BTCUSDT side=BUY type=MARKET qty=0.001 price=N/A
2026-05-01 17:36:35  DEBUG     bot.client  → POST https://testnet.binancefuture.com/fapi/v1/order  params={'symbol': 'BTCUSDT', 'side': 'BUY', 'type': 'MARKET', 'quantity': '0.001', 'timestamp': 1777637195849}
2026-05-01 17:36:35  DEBUG     urllib3.connectionpool  Starting new HTTPS connection (1): testnet.binancefuture.com:443
2026-05-01 17:36:36  DEBUG     urllib3.connectionpool  https://testnet.binancefuture.com:443 "POST /fapi/v1/order?symbol=BTCUSDT&side=BUY&type=MARKET&quantity=0.001&timestamp=1777637195849&signature=a10fcc07bdec42d87234de4323060fdeb68b7631ccd972deeabfe6ec9d180d12 HTTP/1.1" 401 69
2026-05-01 17:36:36  DEBUG     bot.client  ← 401 {"code":-2015,"msg":"Invalid API-key, IP, or permissions for action"}
2026-05-01 17:36:36  ERROR     bot.client  Binance API error  code=-2015  msg=Invalid API-key, IP, or permissions for action
2026-05-01 17:36:36  ERROR     __main__  Order placement failed: 401 Client Error: Unauthorized for url: https://testnet.binancefuture.com/fapi/v1/order?symbol=BTCUSDT&side=BUY&type=MARKET&quantity=0.001&timestamp=1777637195849&signature=a10fcc07bdec42d87234de4323060fdeb68b7631ccd972deeabfe6ec9d180d12
2026-05-01 17:37:52  INFO      bot.logging_config  Logging initialised → logs\trading_bot_20260501.log
2026-05-01 17:37:52  INFO      __main__  Command: place  args: {'log_dir': 'logs', 'command': 'place', 'symbol': 'BTCUSDT', 'side': 'BUY', 'type': 'MARKET', 'quantity': '0.001', 'price': None, 'func': <function cmd_place at 0x000001BC7F281440>}
2026-05-01 17:37:52  INFO      bot.orders  Placing order — symbol=BTCUSDT side=BUY type=MARKET qty=0.001 price=N/A
2026-05-01 17:37:52  DEBUG     bot.client  → POST https://testnet.binancefuture.com/fapi/v1/order  params={'symbol': 'BTCUSDT', 'side': 'BUY', 'type': 'MARKET', 'quantity': '0.001', 'timestamp': 1777637272100}
2026-05-01 17:37:52  DEBUG     urllib3.connectionpool  Starting new HTTPS connection (1): testnet.binancefuture.com:443
2026-05-01 17:37:52  DEBUG     urllib3.connectionpool  https://testnet.binancefuture.com:443 "POST /fapi/v1/order?symbol=BTCUSDT&side=BUY&type=MARKET&quantity=0.001&timestamp=1777637272100&signature=1d1d0f8813cc0931ff8b9de87095841a7c63bb1bba5ecd6d0fa55ee17c05e819 HTTP/1.1" 401 69
2026-05-01 17:37:52  DEBUG     bot.client  ← 401 {"code":-2015,"msg":"Invalid API-key, IP, or permissions for action"}
2026-05-01 17:37:52  ERROR     bot.client  Binance API error  code=-2015  msg=Invalid API-key, IP, or permissions for action
2026-05-01 17:37:52  ERROR     __main__  Order placement failed: 401 Client Error: Unauthorized for url: https://testnet.binancefuture.com/fapi/v1/order?symbol=BTCUSDT&side=BUY&type=MARKET&quantity=0.001&timestamp=1777637272100&signature=1d1d0f8813cc0931ff8b9de87095841a7c63bb1bba5ecd6d0fa55ee17c05e819
2026-05-01 17:48:48  INFO      bot.logging_config  Logging initialised → logs\trading_bot_20260501.log
2026-05-01 17:48:48  INFO      __main__  Command: place  args: {'log_dir': 'logs', 'command': 'place', 'symbol': 'BTCUSDT', 'side': 'BUY', 'type': 'MARKET', 'quantity': '0.001', 'price': None, 'func': <function cmd_place at 0x000002B921681440>}
2026-05-01 17:48:48  INFO      bot.orders  Placing order — symbol=BTCUSDT side=BUY type=MARKET qty=0.001 price=N/A
2026-05-01 17:48:48  DEBUG     bot.client  → POST https://testnet.binancefuture.com/fapi/v1/order  params={'symbol': 'BTCUSDT', 'side': 'BUY', 'type': 'MARKET', 'quantity': '0.001', 'timestamp': 1777637928276}
2026-05-01 17:48:48  DEBUG     urllib3.connectionpool  Starting new HTTPS connection (1): testnet.binancefuture.com:443
2026-05-01 17:48:52  DEBUG     urllib3.connectionpool  https://testnet.binancefuture.com:443 "POST /fapi/v1/order?symbol=BTCUSDT&side=BUY&type=MARKET&quantity=0.001&timestamp=1777637928276&signature=ab799e8e5367dd198b69c5d95d0ae76c90dc0cce20d0e2dd0e615094d15d6044 HTTP/1.1" 200 None
2026-05-01 17:48:52  DEBUG     bot.client  ← 200 {"orderId":13096432254,"symbol":"BTCUSDT","status":"NEW","clientOrderId":"w0APxPDL64MDJawmaYucXb","price":"0.00","avgPrice":"0.00","origQty":"0.0010","executedQty":"0.0000","cumQty":"0.0000","cumQuote":"0.000000","timeInForce":"GTC","type":"MARKET","reduceOnly":false,"closePosition":false,"side":"BUY","positionSide":"BOTH","stopPrice":"0.00","workingType":"CONTRACT_PRICE","priceProtect":false,"origType":"MARKET","priceMatch":"NONE","selfTradePreventionMode":"EXPIRE_MAKER","goodTillDate":0,"updat
2026-05-01 17:48:52  INFO      bot.orders  Order placed successfully — orderId=13096432254 status=NEW
2026-05-01 17:49:28  INFO      bot.logging_config  Logging initialised → logs\trading_bot_20260501.log
2026-05-01 17:49:28  INFO      __main__  Command: place  args: {'log_dir': 'logs', 'command': 'place', 'symbol': 'BTCUSDT', 'side': 'SELL', 'type': 'LIMIT', 'quantity': '0.001', 'price': '90000', 'func': <function cmd_place at 0x00000259427C1440>}
2026-05-01 17:49:28  INFO      bot.orders  Placing order — symbol=BTCUSDT side=SELL type=LIMIT qty=0.001 price=90000
2026-05-01 17:49:28  DEBUG     bot.client  → POST https://testnet.binancefuture.com/fapi/v1/order  params={'symbol': 'BTCUSDT', 'side': 'SELL', 'type': 'LIMIT', 'quantity': '0.001', 'price': '90000', 'timeInForce': 'GTC', 'timestamp': 1777637968148}
2026-05-01 17:49:28  DEBUG     urllib3.connectionpool  Starting new HTTPS connection (1): testnet.binancefuture.com:443
2026-05-01 17:49:31  DEBUG     urllib3.connectionpool  https://testnet.binancefuture.com:443 "POST /fapi/v1/order?symbol=BTCUSDT&side=SELL&type=LIMIT&quantity=0.001&price=90000&timeInForce=GTC&timestamp=1777637968148&signature=8ff574d7a94c73e4634b65578409969427fe80159ad0b4149b10005c69d724e1 HTTP/1.1" 200 None
2026-05-01 17:49:31  DEBUG     bot.client  ← 200 {"orderId":13096433940,"symbol":"BTCUSDT","status":"NEW","clientOrderId":"fWPcP3GiXnkDZCLOvqR2R6","price":"90000.00","avgPrice":"0.00","origQty":"0.0010","executedQty":"0.0000","cumQty":"0.0000","cumQuote":"0.000000","timeInForce":"GTC","type":"LIMIT","reduceOnly":false,"closePosition":false,"side":"SELL","positionSide":"BOTH","stopPrice":"0.00","workingType":"CONTRACT_PRICE","priceProtect":false,"origType":"LIMIT","priceMatch":"NONE","selfTradePreventionMode":"EXPIRE_MAKER","goodTillDate":0,"up
2026-05-01 17:49:31  INFO      bot.orders  Order placed successfully — orderId=13096433940 status=NEW
